# JRE version: Java(TM) SE Runtime Environment (18.0.2+9) (build 18.0.2+9-61)
# Java VM: Java HotSpot(TM) 64-Bit Server VM (18.0.2+9-61, mixed mode, sharing, tiered, compressed oops, compressed class ptrs, g1 gc, windows-amd64)
GC Precious Log:
 CardTable entry size: 512
 Card Set container configuration: InlinePtr #cards 5 size 8 Array Of Cards #cards 12 size 40 Howl #buckets 4 coarsen threshold 1843 Howl Bitmap #cards 512 size 80 coarsen threshold 460 Card regions per heap region 1 cards per card region 2048
 CPUs: 4 total, 4 available
 Memory: 8051M
 Large Page Support: Disabled
 NUMA Support: Disabled
 Compressed Oops: Enabled (32-bit)
 Heap Region Size: 1M
 Heap Min Capacity: 8M
 Heap Initial Capacity: 126M
 Heap Max Capacity: 2014M
 Pre-touch: Disabled
 Parallel Workers: 4
 Concurrent Workers: 1
 Concurrent Refinement Workers: 4
 Periodic GC: Disabled
Heap:
 garbage-first heap   total 134144K, used 43023K [0x0000000082200000, 0x0000000100000000)
  region size 1024K, 3 young (3072K), 3 survivors (3072K)
 Metaspace       used 30227K, committed 30720K, reserved 1114112K
  class space    used 3295K, committed 3520K, reserved 1048576K
GC Heap History (20 events):
Event: 2.908 GC heap after
{Heap after GC invocations=4 (full 0):
 garbage-first heap   total 129024K, used 13570K [0x0000000082200000, 0x0000000100000000)
  region size 1024K, 4 young (4096K), 4 survivors (4096K)
 Metaspace       used 16089K, committed 16384K, reserved 1114112K
  class space    used 1788K, committed 1920K, reserved 1048576K
}
Event: 6.089 GC heap before
{Heap before GC invocations=4 (full 0):
 garbage-first heap   total 129024K, used 57602K [0x0000000082200000, 0x0000000100000000)
  region size 1024K, 46 young (47104K), 4 survivors (4096K)
 Metaspace       used 21199K, committed 21504K, reserved 1114112K
  class space    used 2399K, committed 2560K, reserved 1048576K
}
Event: 6.095 GC heap after
{Heap after GC invocations=5 (full 0):
 garbage-first heap   total 129024K, used 15887K [0x0000000082200000, 0x0000000100000000)
  region size 1024K, 7 young (7168K), 7 survivors (7168K)
 Metaspace       used 21199K, committed 21504K, reserved 1114112K
  class space    used 2399K, committed 2560K, reserved 1048576K
}
Event: 6.754 GC heap before
{Heap before GC invocations=6 (full 0):
 garbage-first heap   total 61440K, used 47631K [0x0000000082200000, 0x0000000100000000)
  region size 1024K, 36 young (36864K), 7 survivors (7168K)
 Metaspace       used 25323K, committed 25664K, reserved 1114112K
  class space    used 2819K, committed 2944K, reserved 1048576K
}
Event: 6.771 GC heap after
{Heap after GC invocations=7 (full 0):
 garbage-first heap   total 66560K, used 27452K [0x0000000082200000, 0x0000000100000000)
  region size 1024K, 5 young (5120K), 5 survivors (5120K)
 Metaspace       used 25323K, committed 25664K, reserved 1114112K
  class space    used 2819K, committed 2944K, reserved 1048576K
}
Event: 6.780 GC heap before
{Heap before GC invocations=7 (full 0):
 garbage-first heap   total 66560K, used 28476K [0x0000000082200000, 0x0000000100000000)
  region size 1024K, 6 young (6144K), 5 survivors (5120K)
 Metaspace       used 25325K, committed 25664K, reserved 1114112K
  class space    used 2819K, committed 2944K, reserved 1048576K
}
Event: 6.784 GC heap after
{Heap after GC invocations=8 (full 0):
 garbage-first heap   total 79872K, used 28548K [0x0000000082200000, 0x0000000100000000)
  region size 1024K, 1 young (1024K), 1 survivors (1024K)
 Metaspace       used 25325K, committed 25664K, reserved 1114112K
  class space    used 2819K, committed 2944K, reserved 1048576K
}
Event: 7.107 GC heap before
{Heap before GC invocations=8 (full 0):
 garbage-first heap   total 79872K, used 55172K [0x0000000082200000, 0x0000000100000000)
  region size 1024K, 27 young (27648K), 1 survivors (1024K)
 Metaspace       used 25762K, committed 26112K, reserved 1114112K
  class space    used 2874K, committed 3008K, reserved 1048576K
}
Event: 7.113 GC heap after
{Heap after GC invocations=9 (full 0):
 garbage-first heap   total 79872K, used 35312K [0x0000000082200000, 0x0000000100000000)
  region size 1024K, 4 young (4096K), 4 survivors (4096K)
 Metaspace       used 25762K, committed 26112K, reserved 1114112K
  class space    used 2874K, committed 3008K, reserved 1048576K
}
Event: 7.323 GC heap before
{Heap before GC invocations=9 (full 0):
 garbage-first heap   total 79872K, used 58864K [0x0000000082200000, 0x0000000100000000)
  region size 1024K, 26 young (26624K), 4 survivors (4096K)
 Metaspace       used 26428K, committed 26688K, reserved 1114112K
  class space    used 2905K, committed 3008K, reserved 1048576K
}
Event: 7.335 GC heap after
{Heap after GC invocations=10 (full 0):
 garbage-first heap   total 79872K, used 40755K [0x0000000082200000, 0x0000000100000000)
  region size 1024K, 4 young (4096K), 4 survivors (4096K)
 Metaspace       used 26428K, committed 26688K, reserved 1114112K
  class space    used 2905K, committed 3008K, reserved 1048576K
}
Event: 7.752 GC heap before
{Heap before GC invocations=10 (full 0):
 garbage-first heap   total 79872K, used 59187K [0x0000000082200000, 0x0000000100000000)
  region size 1024K, 23 young (23552K), 4 survivors (4096K)
 Metaspace       used 27765K, committed 28160K, reserved 1114112K
  class space    used 3053K, committed 3264K, reserved 1048576K
}
Event: 7.758 GC heap after
{Heap after GC invocations=11 (full 0):
 garbage-first heap   total 79872K, used 41657K [0x0000000082200000, 0x0000000100000000)
  region size 1024K, 1 young (1024K), 1 survivors (1024K)
 Metaspace       used 27765K, committed 28160K, reserved 1114112K
  class space    used 3053K, committed 3264K, reserved 1048576K
}
Event: 8.065 GC heap before
{Heap before GC invocations=12 (full 0):
 garbage-first heap   total 79872K, used 62137K [0x0000000082200000, 0x0000000100000000)
  region size 1024K, 21 young (21504K), 1 survivors (1024K)
 Metaspace       used 28411K, committed 28864K, reserved 1114112K
  class space    used 3119K, committed 3328K, reserved 1048576K
}
Event: 8.067 GC heap after
{Heap after GC invocations=13 (full 0):
 garbage-first heap   total 79872K, used 41537K [0x0000000082200000, 0x0000000100000000)
  region size 1024K, 1 young (1024K), 1 survivors (1024K)
 Metaspace       used 28411K, committed 28864K, reserved 1114112K
  class space    used 3119K, committed 3328K, reserved 1048576K
}
Event: 8.170 GC heap before
{Heap before GC invocations=13 (full 0):
 garbage-first heap   total 79872K, used 63041K [0x0000000082200000, 0x0000000100000000)
  region size 1024K, 22 young (22528K), 1 survivors (1024K)
 Metaspace       used 28506K, committed 28928K, reserved 1114112K
  class space    used 3124K, committed 3328K, reserved 1048576K
}
Event: 8.172 GC heap after
{Heap after GC invocations=14 (full 0):
 garbage-first heap   total 79872K, used 41542K [0x0000000082200000, 0x0000000100000000)
  region size 1024K, 1 young (1024K), 1 survivors (1024K)
 Metaspace       used 28506K, committed 28928K, reserved 1114112K
  class space    used 3124K, committed 3328K, reserved 1048576K
}
Event: 8.583 GC heap before
{Heap before GC invocations=15 (full 0):
 garbage-first heap   total 79872K, used 64070K [0x0000000082200000, 0x0000000100000000)
  region size 1024K, 23 young (23552K), 1 survivors (1024K)
 Metaspace       used 28732K, committed 29184K, reserved 1114112K
  class space    used 3131K, committed 3328K, reserved 1048576K
}
Event: 8.586 GC heap after
{Heap after GC invocations=16 (full 0):
 garbage-first heap   total 79872K, used 41835K [0x0000000082200000, 0x0000000100000000)
  region size 1024K, 2 young (2048K), 2 survivors (2048K)
 Metaspace       used 28732K, committed 29184K, reserved 1114112K
  class space    used 3131K, committed 3328K, reserved 1048576K
}
Event: 9.098 GC heap before
{Heap before GC invocations=16 (full 0):
 garbage-first heap   total 79872K, used 64363K [0x0000000082200000, 0x0000000100000000)
  region size 1024K, 24 young (24576K), 2 survivors (2048K)
 Metaspace       used 30227K, committed 30720K, reserved 1114112K
  class space    used 3295K, committed 3520K, reserved 1048576K
}

